{"level":20,"time":1743666413768,"pid":25728,"hostname":"TinkPad-Dani","msg":"Statements de Chat inicializados"}
{"level":30,"time":1743666413784,"pid":25728,"hostname":"TinkPad-Dani","msg":"Server is listening on port 3000"}
{"level":20,"time":1743666435453,"pid":25728,"hostname":"TinkPad-Dani","req":{"id":6,"method":"POST","url":"/usuarios/login","query":{},"params":{},"headers":{"host":"localhost:3000","connection":"keep-alive","content-length":"21","cache-control":"max-age=0","sec-ch-ua":"\"Google Chrome\";v=\"135\", \"Not-A.Brand\";v=\"8\", \"Chromium\";v=\"135\"","sec-ch-ua-mobile":"?0","sec-ch-ua-platform":"\"Windows\"","origin":"http://localhost:3000","content-type":"application/x-www-form-urlencoded","upgrade-insecure-requests":"1","user-agent":"Mozilla/5.0 (Windows NT 10.0; Win64; x64) AppleWebKit/537.36 (KHTML, like Gecko) Chrome/135.0.0.0 Safari/537.36","accept":"text/html,application/xhtml+xml,application/xml;q=0.9,image/avif,image/webp,image/apng,*/*;q=0.8,application/signed-exchange;v=b3;q=0.7","sec-fetch-site":"same-origin","sec-fetch-mode":"navigate","sec-fetch-user":"?1","sec-fetch-dest":"document","referer":"http://localhost:3000/usuarios/login","accept-encoding":"gzip, deflate, br, zstd","accept-language":"es-ES,es;q=0.9","cookie":"connect.sid=s%3AklJwc6-qfeqxjBmom2XUSrfG_PPO8Wne.ZMADiUrk9BicfIR2ihhAXrrSvHmkNSOlqmvC7JRF3yw"},"remoteAddress":"::1","remotePort":61202},"msg":"Usuario logueado: h"}
{"level":20,"time":1743666446493,"pid":25728,"hostname":"TinkPad-Dani","msg":"Chats encontrados:"}
{"level":20,"time":1743666449090,"pid":25728,"hostname":"TinkPad-Dani","msg":"Chat encontrado:"}
{"level":20,"time":1743666449093,"pid":25728,"hostname":"TinkPad-Dani","msg":"Mensajes encontrados:"}
{"level":20,"time":1743666611283,"pid":25728,"hostname":"TinkPad-Dani","msg":"Chat encontrado:"}
{"level":20,"time":1743666611285,"pid":25728,"hostname":"TinkPad-Dani","msg":"Mensajes encontrados:"}
{"level":20,"time":1743666613111,"pid":25728,"hostname":"TinkPad-Dani","msg":"Chat encontrado:"}
{"level":20,"time":1743666613113,"pid":25728,"hostname":"TinkPad-Dani","msg":"Mensajes encontrados:"}
{"level":20,"time":1743666613757,"pid":25728,"hostname":"TinkPad-Dani","msg":"Chat encontrado:"}
{"level":20,"time":1743666613758,"pid":25728,"hostname":"TinkPad-Dani","msg":"Mensajes encontrados:"}
{"level":20,"time":1743666615878,"pid":25728,"hostname":"TinkPad-Dani","msg":"Chat encontrado:"}
{"level":20,"time":1743666615879,"pid":25728,"hostname":"TinkPad-Dani","msg":"Mensajes encontrados:"}
{"level":20,"time":1743666639710,"pid":25728,"hostname":"TinkPad-Dani","msg":"Chat encontrado:"}
{"level":20,"time":1743666639712,"pid":25728,"hostname":"TinkPad-Dani","msg":"Mensajes encontrados:"}
{"level":20,"time":1743666640848,"pid":25728,"hostname":"TinkPad-Dani","msg":"Chat encontrado:"}
{"level":20,"time":1743666640849,"pid":25728,"hostname":"TinkPad-Dani","msg":"Mensajes encontrados:"}
{"level":20,"time":1743666641235,"pid":25728,"hostname":"TinkPad-Dani","msg":"Chat encontrado:"}
{"level":20,"time":1743666641237,"pid":25728,"hostname":"TinkPad-Dani","msg":"Mensajes encontrados:"}
{"level":20,"time":1743666641436,"pid":25728,"hostname":"TinkPad-Dani","msg":"Chat encontrado:"}
{"level":20,"time":1743666641437,"pid":25728,"hostname":"TinkPad-Dani","msg":"Mensajes encontrados:"}
{"level":20,"time":1743666641654,"pid":25728,"hostname":"TinkPad-Dani","msg":"Chat encontrado:"}
{"level":20,"time":1743666641656,"pid":25728,"hostname":"TinkPad-Dani","msg":"Mensajes encontrados:"}
{"level":30,"time":1743666706344,"pid":25728,"hostname":"TinkPad-Dani","msg":"Servidor cerrado"}
{"level":20,"time":1743666708148,"pid":5440,"hostname":"TinkPad-Dani","msg":"Statements de Chat inicializados"}
{"level":30,"time":1743666708151,"pid":5440,"hostname":"TinkPad-Dani","msg":"Server is listening on port 3000"}
{"level":20,"time":1743666716432,"pid":5440,"hostname":"TinkPad-Dani","req":{"id":5,"method":"POST","url":"/usuarios/login","query":{},"params":{},"headers":{"host":"localhost:3000","connection":"keep-alive","content-length":"21","cache-control":"max-age=0","sec-ch-ua":"\"Google Chrome\";v=\"135\", \"Not-A.Brand\";v=\"8\", \"Chromium\";v=\"135\"","sec-ch-ua-mobile":"?0","sec-ch-ua-platform":"\"Windows\"","origin":"http://localhost:3000","content-type":"application/x-www-form-urlencoded","upgrade-insecure-requests":"1","user-agent":"Mozilla/5.0 (Windows NT 10.0; Win64; x64) AppleWebKit/537.36 (KHTML, like Gecko) Chrome/135.0.0.0 Safari/537.36","accept":"text/html,application/xhtml+xml,application/xml;q=0.9,image/avif,image/webp,image/apng,*/*;q=0.8,application/signed-exchange;v=b3;q=0.7","sec-fetch-site":"same-origin","sec-fetch-mode":"navigate","sec-fetch-user":"?1","sec-fetch-dest":"document","referer":"http://localhost:3000/usuarios/login","accept-encoding":"gzip, deflate, br, zstd","accept-language":"es-ES,es;q=0.9","cookie":"connect.sid=s%3AmumH84sx_PG9EmAHHUyFvQRBMvC2IKxs.1b8B7eVHNfBQhlTJ8LE0HpbXAXpWiZddlTMS%2FpA2GDM"},"remoteAddress":"::1","remotePort":62074},"msg":"Usuario logueado: h"}
{"level":20,"time":1743666721017,"pid":5440,"hostname":"TinkPad-Dani","msg":"Chats encontrados:"}
{"level":20,"time":1743666722693,"pid":5440,"hostname":"TinkPad-Dani","msg":"Chat encontrado:"}
{"level":20,"time":1743666722696,"pid":5440,"hostname":"TinkPad-Dani","msg":"Mensajes encontrados:"}
{"level":20,"time":1743666737680,"pid":5440,"hostname":"TinkPad-Dani","msg":"Chat encontrado:"}
{"level":20,"time":1743666737682,"pid":5440,"hostname":"TinkPad-Dani","msg":"Mensajes encontrados:"}
{"level":20,"time":1743666748794,"pid":5440,"hostname":"TinkPad-Dani","msg":"Chat encontrado:"}
{"level":20,"time":1743666748796,"pid":5440,"hostname":"TinkPad-Dani","msg":"Mensajes encontrados:"}
{"level":20,"time":1743666752078,"pid":5440,"hostname":"TinkPad-Dani","msg":"Chat encontrado:"}
{"level":20,"time":1743666752081,"pid":5440,"hostname":"TinkPad-Dani","msg":"Mensajes encontrados:"}
{"level":20,"time":1743666755422,"pid":5440,"hostname":"TinkPad-Dani","msg":"Chat encontrado:"}
{"level":20,"time":1743666755424,"pid":5440,"hostname":"TinkPad-Dani","msg":"Mensajes encontrados:"}
{"level":20,"time":1743666758493,"pid":5440,"hostname":"TinkPad-Dani","msg":"Chat encontrado:"}
{"level":20,"time":1743666758496,"pid":5440,"hostname":"TinkPad-Dani","msg":"Mensajes encontrados:"}
{"level":30,"time":1743666774891,"pid":5440,"hostname":"TinkPad-Dani","msg":"Servidor cerrado"}
{"level":20,"time":1743666894233,"pid":36160,"hostname":"TinkPad-Dani","msg":"Statements de Chat inicializados"}
{"level":30,"time":1743666894236,"pid":36160,"hostname":"TinkPad-Dani","msg":"Server is listening on port 3000"}
{"level":20,"time":1743666903371,"pid":36160,"hostname":"TinkPad-Dani","req":{"id":5,"method":"POST","url":"/usuarios/login","query":{},"params":{},"headers":{"host":"localhost:3000","connection":"keep-alive","content-length":"21","cache-control":"max-age=0","sec-ch-ua":"\"Google Chrome\";v=\"135\", \"Not-A.Brand\";v=\"8\", \"Chromium\";v=\"135\"","sec-ch-ua-mobile":"?0","sec-ch-ua-platform":"\"Windows\"","origin":"http://localhost:3000","content-type":"application/x-www-form-urlencoded","upgrade-insecure-requests":"1","user-agent":"Mozilla/5.0 (Windows NT 10.0; Win64; x64) AppleWebKit/537.36 (KHTML, like Gecko) Chrome/135.0.0.0 Safari/537.36","accept":"text/html,application/xhtml+xml,application/xml;q=0.9,image/avif,image/webp,image/apng,*/*;q=0.8,application/signed-exchange;v=b3;q=0.7","sec-fetch-site":"same-origin","sec-fetch-mode":"navigate","sec-fetch-user":"?1","sec-fetch-dest":"document","referer":"http://localhost:3000/usuarios/login","accept-encoding":"gzip, deflate, br, zstd","accept-language":"es-ES,es;q=0.9","cookie":"connect.sid=s%3AAduB7sfxds7xmADsfPkpX0nMwPnJCoIZ.zE7xvvzrzlRI4Hf%2BZfM4fvpSjexc5IK44gSzz2hNCAM"},"remoteAddress":"::1","remotePort":62287},"msg":"Usuario logueado: h"}
{"level":20,"time":1743666908048,"pid":36160,"hostname":"TinkPad-Dani","msg":"Chats encontrados:"}
{"level":20,"time":1743666909448,"pid":36160,"hostname":"TinkPad-Dani","msg":"Chat encontrado:"}
{"level":20,"time":1743666909452,"pid":36160,"hostname":"TinkPad-Dani","msg":"Mensajes encontrados:"}
{"level":20,"time":1743666927249,"pid":36160,"hostname":"TinkPad-Dani","msg":"Chat encontrado:"}
{"level":20,"time":1743666927255,"pid":36160,"hostname":"TinkPad-Dani","msg":"Mensajes encontrados:"}
{"level":20,"time":1743666997603,"pid":36160,"hostname":"TinkPad-Dani","msg":"Chat encontrado:"}
{"level":20,"time":1743666997604,"pid":36160,"hostname":"TinkPad-Dani","msg":"Mensajes encontrados:"}
{"level":20,"time":1743667000165,"pid":36160,"hostname":"TinkPad-Dani","msg":"Chat encontrado:"}
{"level":20,"time":1743667000167,"pid":36160,"hostname":"TinkPad-Dani","msg":"Mensajes encontrados:"}
{"level":20,"time":1743667000837,"pid":36160,"hostname":"TinkPad-Dani","msg":"Chat encontrado:"}
{"level":20,"time":1743667000839,"pid":36160,"hostname":"TinkPad-Dani","msg":"Mensajes encontrados:"}
{"level":20,"time":1743667001043,"pid":36160,"hostname":"TinkPad-Dani","msg":"Chat encontrado:"}
{"level":20,"time":1743667001046,"pid":36160,"hostname":"TinkPad-Dani","msg":"Mensajes encontrados:"}
{"level":20,"time":1743667132011,"pid":36160,"hostname":"TinkPad-Dani","msg":"Chat encontrado:"}
{"level":20,"time":1743667132014,"pid":36160,"hostname":"TinkPad-Dani","msg":"Mensajes encontrados:"}
{"level":20,"time":1743667154473,"pid":36160,"hostname":"TinkPad-Dani","msg":"Chat encontrado:"}
{"level":20,"time":1743667154475,"pid":36160,"hostname":"TinkPad-Dani","msg":"Mensajes encontrados:"}
{"level":20,"time":1743667228839,"pid":36160,"hostname":"TinkPad-Dani","msg":"Chat encontrado:"}
{"level":20,"time":1743667228841,"pid":36160,"hostname":"TinkPad-Dani","msg":"Mensajes encontrados:"}
{"level":30,"time":1743667350088,"pid":36160,"hostname":"TinkPad-Dani","msg":"Servidor cerrado"}
{"level":20,"time":1743667351956,"pid":14100,"hostname":"TinkPad-Dani","msg":"Statements de Chat inicializados"}
{"level":30,"time":1743667351959,"pid":14100,"hostname":"TinkPad-Dani","msg":"Server is listening on port 3000"}
{"level":20,"time":1743668018164,"pid":14100,"hostname":"TinkPad-Dani","req":{"id":66,"method":"POST","url":"/usuarios/login","query":{},"params":{},"headers":{"host":"localhost:3000","connection":"keep-alive","content-length":"21","cache-control":"max-age=0","sec-ch-ua":"\"Google Chrome\";v=\"135\", \"Not-A.Brand\";v=\"8\", \"Chromium\";v=\"135\"","sec-ch-ua-mobile":"?0","sec-ch-ua-platform":"\"Windows\"","origin":"http://localhost:3000","content-type":"application/x-www-form-urlencoded","upgrade-insecure-requests":"1","user-agent":"Mozilla/5.0 (Windows NT 10.0; Win64; x64) AppleWebKit/537.36 (KHTML, like Gecko) Chrome/135.0.0.0 Safari/537.36","accept":"text/html,application/xhtml+xml,application/xml;q=0.9,image/avif,image/webp,image/apng,*/*;q=0.8,application/signed-exchange;v=b3;q=0.7","sec-fetch-site":"same-origin","sec-fetch-mode":"navigate","sec-fetch-user":"?1","sec-fetch-dest":"document","referer":"http://localhost:3000/usuarios/login","accept-encoding":"gzip, deflate, br, zstd","accept-language":"es-ES,es;q=0.9","cookie":"connect.sid=s%3AGY8NDh9C1-RIVegPDCabhSVUSV2ORKkS.dk%2Fjsbh%2FiTRJ6SBsjUYW5TUcr45sYlMwwk05pc6NBXU"},"remoteAddress":"::1","remotePort":63818},"msg":"Usuario logueado: h"}
{"level":30,"time":1743668066416,"pid":14100,"hostname":"TinkPad-Dani","msg":"Servidor cerrado"}
{"level":20,"time":1743668574549,"pid":38332,"hostname":"TinkPad-Dani","msg":"Statements de Chat inicializados"}
{"level":30,"time":1743668574553,"pid":38332,"hostname":"TinkPad-Dani","msg":"Server is listening on port 3000"}
{"level":20,"time":1743668844933,"pid":38332,"hostname":"TinkPad-Dani","req":{"id":13,"method":"POST","url":"/usuarios/login","query":{},"params":{},"headers":{"host":"localhost:3000","connection":"keep-alive","content-length":"21","cache-control":"max-age=0","sec-ch-ua":"\"Google Chrome\";v=\"135\", \"Not-A.Brand\";v=\"8\", \"Chromium\";v=\"135\"","sec-ch-ua-mobile":"?0","sec-ch-ua-platform":"\"Windows\"","origin":"http://localhost:3000","content-type":"application/x-www-form-urlencoded","upgrade-insecure-requests":"1","user-agent":"Mozilla/5.0 (Windows NT 10.0; Win64; x64) AppleWebKit/537.36 (KHTML, like Gecko) Chrome/135.0.0.0 Safari/537.36","accept":"text/html,application/xhtml+xml,application/xml;q=0.9,image/avif,image/webp,image/apng,*/*;q=0.8,application/signed-exchange;v=b3;q=0.7","sec-fetch-site":"same-origin","sec-fetch-mode":"navigate","sec-fetch-user":"?1","sec-fetch-dest":"document","referer":"http://localhost:3000/usuarios/login","accept-encoding":"gzip, deflate, br, zstd","accept-language":"es-ES,es;q=0.9","cookie":"connect.sid=s%3AyK9fGIJtqxKcF7AF_eqy_gEVQN_jbw6A.ydEH%2BjuZn4SuXbhHUTJXcYmIrUW3AOTMCcHnOg7QdAQ"},"remoteAddress":"::1","remotePort":64442},"msg":"Usuario logueado: h"}
{"level":20,"time":1743668848841,"pid":38332,"hostname":"TinkPad-Dani","msg":"Chats encontrados:"}
{"level":20,"time":1743668850765,"pid":38332,"hostname":"TinkPad-Dani","msg":"Chat encontrado:"}
{"level":20,"time":1743668850767,"pid":38332,"hostname":"TinkPad-Dani","msg":"Mensajes encontrados:"}
{"level":20,"time":1743669073375,"pid":38332,"hostname":"TinkPad-Dani","msg":"Chat encontrado:"}
{"level":20,"time":1743669073377,"pid":38332,"hostname":"TinkPad-Dani","msg":"Mensajes encontrados:"}
{"level":20,"time":1743669192000,"pid":38332,"hostname":"TinkPad-Dani","msg":"Chat encontrado:"}
{"level":20,"time":1743669192003,"pid":38332,"hostname":"TinkPad-Dani","msg":"Mensajes encontrados:"}
{"level":20,"time":1743669210751,"pid":38332,"hostname":"TinkPad-Dani","msg":"Chat encontrado:"}
{"level":20,"time":1743669210753,"pid":38332,"hostname":"TinkPad-Dani","msg":"Mensajes encontrados:"}
{"level":20,"time":1743669241858,"pid":38332,"hostname":"TinkPad-Dani","msg":"Chat encontrado:"}
{"level":20,"time":1743669241860,"pid":38332,"hostname":"TinkPad-Dani","msg":"Mensajes encontrados:"}
{"level":30,"time":1743669451278,"pid":38332,"hostname":"TinkPad-Dani","msg":"Servidor cerrado"}
{"level":20,"time":1743669453374,"pid":31668,"hostname":"TinkPad-Dani","msg":"Statements de Chat inicializados"}
{"level":30,"time":1743669453377,"pid":31668,"hostname":"TinkPad-Dani","msg":"Server is listening on port 3000"}
{"level":20,"time":1743669465012,"pid":31668,"hostname":"TinkPad-Dani","req":{"id":5,"method":"POST","url":"/usuarios/login","query":{},"params":{},"headers":{"host":"localhost:3000","connection":"keep-alive","content-length":"21","cache-control":"max-age=0","sec-ch-ua":"\"Google Chrome\";v=\"135\", \"Not-A.Brand\";v=\"8\", \"Chromium\";v=\"135\"","sec-ch-ua-mobile":"?0","sec-ch-ua-platform":"\"Windows\"","origin":"http://localhost:3000","content-type":"application/x-www-form-urlencoded","upgrade-insecure-requests":"1","user-agent":"Mozilla/5.0 (Windows NT 10.0; Win64; x64) AppleWebKit/537.36 (KHTML, like Gecko) Chrome/135.0.0.0 Safari/537.36","accept":"text/html,application/xhtml+xml,application/xml;q=0.9,image/avif,image/webp,image/apng,*/*;q=0.8,application/signed-exchange;v=b3;q=0.7","sec-fetch-site":"same-origin","sec-fetch-mode":"navigate","sec-fetch-user":"?1","sec-fetch-dest":"document","referer":"http://localhost:3000/usuarios/login","accept-encoding":"gzip, deflate, br, zstd","accept-language":"es-ES,es;q=0.9","cookie":"connect.sid=s%3Aiip-7CGytldn1j3Q7R0kGwL2ZVDkuw4g.WPbBj8VWm7YkC527uBe%2F6qdPEGxmroA01HyPpAvRvZA"},"remoteAddress":"::1","remotePort":64900},"msg":"Usuario logueado: h"}
{"level":20,"time":1743669468772,"pid":31668,"hostname":"TinkPad-Dani","msg":"Chats encontrados:"}
{"level":20,"time":1743669469760,"pid":31668,"hostname":"TinkPad-Dani","msg":"Chat encontrado:"}
{"level":20,"time":1743669469763,"pid":31668,"hostname":"TinkPad-Dani","msg":"Mensajes encontrados:"}
{"level":20,"time":1743669536403,"pid":31668,"hostname":"TinkPad-Dani","msg":"Chat encontrado:"}
{"level":20,"time":1743669536404,"pid":31668,"hostname":"TinkPad-Dani","msg":"Mensajes encontrados:"}
{"level":30,"time":1743669573431,"pid":31668,"hostname":"TinkPad-Dani","msg":"Servidor cerrado"}
{"level":20,"time":1743669576645,"pid":22892,"hostname":"TinkPad-Dani","msg":"Statements de Chat inicializados"}
{"level":30,"time":1743669576649,"pid":22892,"hostname":"TinkPad-Dani","msg":"Server is listening on port 3000"}
{"level":20,"time":1743669608903,"pid":22892,"hostname":"TinkPad-Dani","req":{"id":11,"method":"POST","url":"/usuarios/login","query":{},"params":{},"headers":{"host":"localhost:3000","connection":"keep-alive","content-length":"21","cache-control":"max-age=0","sec-ch-ua":"\"Google Chrome\";v=\"135\", \"Not-A.Brand\";v=\"8\", \"Chromium\";v=\"135\"","sec-ch-ua-mobile":"?0","sec-ch-ua-platform":"\"Windows\"","origin":"http://localhost:3000","content-type":"application/x-www-form-urlencoded","upgrade-insecure-requests":"1","user-agent":"Mozilla/5.0 (Windows NT 10.0; Win64; x64) AppleWebKit/537.36 (KHTML, like Gecko) Chrome/135.0.0.0 Safari/537.36","accept":"text/html,application/xhtml+xml,application/xml;q=0.9,image/avif,image/webp,image/apng,*/*;q=0.8,application/signed-exchange;v=b3;q=0.7","sec-fetch-site":"same-origin","sec-fetch-mode":"navigate","sec-fetch-user":"?1","sec-fetch-dest":"document","referer":"http://localhost:3000/usuarios/login","accept-encoding":"gzip, deflate, br, zstd","accept-language":"es-ES,es;q=0.9","cookie":"connect.sid=s%3AW7wB__V3dOBDjJpca3qDE51ava77UaaF.2TFs2BUTmSotASUZERh4kXpEpPXIbykrIA%2BIbXJMl6c"},"remoteAddress":"::1","remotePort":65055},"msg":"Usuario logueado: h"}
{"level":20,"time":1743669614675,"pid":22892,"hostname":"TinkPad-Dani","msg":"Chats encontrados:"}
{"level":20,"time":1743669615608,"pid":22892,"hostname":"TinkPad-Dani","msg":"Chat encontrado:"}
{"level":20,"time":1743669615611,"pid":22892,"hostname":"TinkPad-Dani","msg":"Mensajes encontrados:"}
{"level":30,"time":1743669634574,"pid":22892,"hostname":"TinkPad-Dani","msg":"Servidor cerrado"}
{"level":20,"time":1743669700458,"pid":38312,"hostname":"TinkPad-Dani","msg":"Statements de Chat inicializados"}
{"level":30,"time":1743669700461,"pid":38312,"hostname":"TinkPad-Dani","msg":"Server is listening on port 3000"}
{"level":20,"time":1743669714302,"pid":38312,"hostname":"TinkPad-Dani","req":{"id":5,"method":"POST","url":"/usuarios/login","query":{},"params":{},"headers":{"host":"localhost:3000","connection":"keep-alive","content-length":"21","cache-control":"max-age=0","sec-ch-ua":"\"Google Chrome\";v=\"135\", \"Not-A.Brand\";v=\"8\", \"Chromium\";v=\"135\"","sec-ch-ua-mobile":"?0","sec-ch-ua-platform":"\"Windows\"","origin":"http://localhost:3000","content-type":"application/x-www-form-urlencoded","upgrade-insecure-requests":"1","user-agent":"Mozilla/5.0 (Windows NT 10.0; Win64; x64) AppleWebKit/537.36 (KHTML, like Gecko) Chrome/135.0.0.0 Safari/537.36","accept":"text/html,application/xhtml+xml,application/xml;q=0.9,image/avif,image/webp,image/apng,*/*;q=0.8,application/signed-exchange;v=b3;q=0.7","sec-fetch-site":"same-origin","sec-fetch-mode":"navigate","sec-fetch-user":"?1","sec-fetch-dest":"document","referer":"http://localhost:3000/usuarios/login","accept-encoding":"gzip, deflate, br, zstd","accept-language":"es-ES,es;q=0.9","cookie":"connect.sid=s%3AFl01BEha3E6PHVDY4Z7VMRrj8-aBn-YQ.EdUh1ZMjey0ANsWJ1Glp8k6fASNkqg9N1sQHvHurPqg"},"remoteAddress":"::1","remotePort":65146},"msg":"Usuario logueado: h"}
{"level":20,"time":1743669716945,"pid":38312,"hostname":"TinkPad-Dani","msg":"Chats encontrados:"}
{"level":20,"time":1743669718339,"pid":38312,"hostname":"TinkPad-Dani","msg":"Chat encontrado:"}
{"level":20,"time":1743669718343,"pid":38312,"hostname":"TinkPad-Dani","msg":"Mensajes encontrados:"}
{"level":30,"time":1743669861971,"pid":38312,"hostname":"TinkPad-Dani","msg":"Servidor cerrado"}
{"level":20,"time":1743669896244,"pid":29628,"hostname":"TinkPad-Dani","msg":"Statements de Chat inicializados"}
{"level":30,"time":1743669896247,"pid":29628,"hostname":"TinkPad-Dani","msg":"Server is listening on port 3000"}
{"level":20,"time":1743669902787,"pid":29628,"hostname":"TinkPad-Dani","req":{"id":5,"method":"POST","url":"/usuarios/login","query":{},"params":{},"headers":{"host":"localhost:3000","connection":"keep-alive","content-length":"21","cache-control":"max-age=0","sec-ch-ua":"\"Google Chrome\";v=\"135\", \"Not-A.Brand\";v=\"8\", \"Chromium\";v=\"135\"","sec-ch-ua-mobile":"?0","sec-ch-ua-platform":"\"Windows\"","origin":"http://localhost:3000","content-type":"application/x-www-form-urlencoded","upgrade-insecure-requests":"1","user-agent":"Mozilla/5.0 (Windows NT 10.0; Win64; x64) AppleWebKit/537.36 (KHTML, like Gecko) Chrome/135.0.0.0 Safari/537.36","accept":"text/html,application/xhtml+xml,application/xml;q=0.9,image/avif,image/webp,image/apng,*/*;q=0.8,application/signed-exchange;v=b3;q=0.7","sec-fetch-site":"same-origin","sec-fetch-mode":"navigate","sec-fetch-user":"?1","sec-fetch-dest":"document","referer":"http://localhost:3000/usuarios/login","accept-encoding":"gzip, deflate, br, zstd","accept-language":"es-ES,es;q=0.9","cookie":"connect.sid=s%3A5ciOwoX8uEwG_F4ykLv6uxGssUjbmSid.vR5FV1M%2Bllrqc0d4BEY%2Bl5mmuGwimmDokuUC8Mw83ZM"},"remoteAddress":"::1","remotePort":65307},"msg":"Usuario logueado: h"}
{"level":20,"time":1743669906146,"pid":29628,"hostname":"TinkPad-Dani","msg":"Chats encontrados:"}
{"level":20,"time":1743669907398,"pid":29628,"hostname":"TinkPad-Dani","msg":"Chat encontrado:"}
{"level":20,"time":1743669907400,"pid":29628,"hostname":"TinkPad-Dani","msg":"Mensajes encontrados:"}
{"level":20,"time":1743670067657,"pid":29628,"hostname":"TinkPad-Dani","msg":"Chat encontrado:"}
{"level":20,"time":1743670067659,"pid":29628,"hostname":"TinkPad-Dani","msg":"Mensajes encontrados:"}
{"level":20,"time":1743670141423,"pid":29628,"hostname":"TinkPad-Dani","msg":"Chat encontrado:"}
{"level":20,"time":1743670141424,"pid":29628,"hostname":"TinkPad-Dani","msg":"Mensajes encontrados:"}
{"level":20,"time":1743670155381,"pid":29628,"hostname":"TinkPad-Dani","msg":"Chat encontrado:"}
{"level":20,"time":1743670155384,"pid":29628,"hostname":"TinkPad-Dani","msg":"Mensajes encontrados:"}
{"level":20,"time":1743670169547,"pid":29628,"hostname":"TinkPad-Dani","msg":"Chat encontrado:"}
{"level":20,"time":1743670169549,"pid":29628,"hostname":"TinkPad-Dani","msg":"Mensajes encontrados:"}
{"level":30,"time":1743670223659,"pid":29628,"hostname":"TinkPad-Dani","msg":"Servidor cerrado"}
{"level":20,"time":1743670305692,"pid":37660,"hostname":"TinkPad-Dani","msg":"Statements de Chat inicializados"}
{"level":30,"time":1743670305696,"pid":37660,"hostname":"TinkPad-Dani","msg":"Server is listening on port 3000"}
{"level":20,"time":1743670325093,"pid":37660,"hostname":"TinkPad-Dani","req":{"id":5,"method":"POST","url":"/usuarios/login","query":{},"params":{},"headers":{"host":"localhost:3000","connection":"keep-alive","content-length":"21","cache-control":"max-age=0","sec-ch-ua":"\"Google Chrome\";v=\"135\", \"Not-A.Brand\";v=\"8\", \"Chromium\";v=\"135\"","sec-ch-ua-mobile":"?0","sec-ch-ua-platform":"\"Windows\"","origin":"http://localhost:3000","content-type":"application/x-www-form-urlencoded","upgrade-insecure-requests":"1","user-agent":"Mozilla/5.0 (Windows NT 10.0; Win64; x64) AppleWebKit/537.36 (KHTML, like Gecko) Chrome/135.0.0.0 Safari/537.36","accept":"text/html,application/xhtml+xml,application/xml;q=0.9,image/avif,image/webp,image/apng,*/*;q=0.8,application/signed-exchange;v=b3;q=0.7","sec-fetch-site":"same-origin","sec-fetch-mode":"navigate","sec-fetch-user":"?1","sec-fetch-dest":"document","referer":"http://localhost:3000/usuarios/login","accept-encoding":"gzip, deflate, br, zstd","accept-language":"es-ES,es;q=0.9","cookie":"connect.sid=s%3AYGkobmxgIkUcK6nrnEewaKjKmVkDf0bK.gXvrTWjBZaQtM46HiTCEbFlsziLAiMGDw1WjvVLHgGU"},"remoteAddress":"::1","remotePort":49258},"msg":"Usuario logueado: h"}
{"level":20,"time":1743670352313,"pid":37660,"hostname":"TinkPad-Dani","msg":"Chats encontrados:"}
{"level":20,"time":1743670353659,"pid":37660,"hostname":"TinkPad-Dani","msg":"Chat encontrado:"}
{"level":20,"time":1743670353661,"pid":37660,"hostname":"TinkPad-Dani","msg":"Mensajes encontrados:"}
{"level":30,"time":1743670359607,"pid":37660,"hostname":"TinkPad-Dani","msg":"Servidor cerrado"}
{"level":20,"time":1743670369712,"pid":30672,"hostname":"TinkPad-Dani","msg":"Statements de Chat inicializados"}
{"level":30,"time":1743670369715,"pid":30672,"hostname":"TinkPad-Dani","msg":"Server is listening on port 3000"}
{"level":30,"time":1743670580468,"pid":30672,"hostname":"TinkPad-Dani","msg":"Servidor cerrado"}
{"level":20,"time":1743670582289,"pid":26640,"hostname":"TinkPad-Dani","msg":"Statements de Chat inicializados"}
{"level":30,"time":1743670582293,"pid":26640,"hostname":"TinkPad-Dani","msg":"Server is listening on port 3000"}
{"level":30,"time":1743670689438,"pid":26640,"hostname":"TinkPad-Dani","msg":"Servidor cerrado"}
{"level":20,"time":1743670691219,"pid":37332,"hostname":"TinkPad-Dani","msg":"Statements de Chat inicializados"}
{"level":30,"time":1743670691223,"pid":37332,"hostname":"TinkPad-Dani","msg":"Server is listening on port 3000"}
{"level":30,"time":1743670770689,"pid":37332,"hostname":"TinkPad-Dani","msg":"Servidor cerrado"}
{"level":20,"time":1743670773094,"pid":25488,"hostname":"TinkPad-Dani","msg":"Statements de Chat inicializados"}
{"level":30,"time":1743670773098,"pid":25488,"hostname":"TinkPad-Dani","msg":"Server is listening on port 3000"}
{"level":30,"time":1743670885167,"pid":25488,"hostname":"TinkPad-Dani","msg":"Servidor cerrado"}
{"level":20,"time":1743670888518,"pid":33848,"hostname":"TinkPad-Dani","msg":"Statements de Chat inicializados"}
{"level":30,"time":1743670888521,"pid":33848,"hostname":"TinkPad-Dani","msg":"Server is listening on port 3000"}
{"level":50,"time":1743671022089,"pid":33848,"hostname":"TinkPad-Dani","req":{"id":16,"method":"GET","url":"/chats/nuevoChat/3?id_user_producto=8&id_user_sesion=","query":{"id_user_producto":"8","id_user_sesion":""},"params":{},"headers":{"host":"localhost:3000","connection":"keep-alive","sec-ch-ua":"\"Google Chrome\";v=\"135\", \"Not-A.Brand\";v=\"8\", \"Chromium\";v=\"135\"","sec-ch-ua-mobile":"?0","sec-ch-ua-platform":"\"Windows\"","upgrade-insecure-requests":"1","user-agent":"Mozilla/5.0 (Windows NT 10.0; Win64; x64) AppleWebKit/537.36 (KHTML, like Gecko) Chrome/135.0.0.0 Safari/537.36","accept":"text/html,application/xhtml+xml,application/xml;q=0.9,image/avif,image/webp,image/apng,*/*;q=0.8,application/signed-exchange;v=b3;q=0.7","sec-fetch-site":"same-origin","sec-fetch-mode":"navigate","sec-fetch-user":"?1","sec-fetch-dest":"document","referer":"http://localhost:3000/productos/producto/3","accept-encoding":"gzip, deflate, br, zstd","accept-language":"es-ES,es;q=0.9","cookie":"connect.sid=s%3AaLWFj67vei-VrIk_yx3LCa9ngNh-UaCI.WnVBvXT7nNR7jtOGY9zwHsZI4Uqzbl8bHGY9%2B%2BrKHmc"},"remoteAddress":"::1","remotePort":49736},"err":{"type":"SqliteError","message":"FOREIGN KEY constraint failed","stack":"SqliteError: FOREIGN KEY constraint failed\n    at #insert (file:///C:/Users/skate/source/Proyecto_SistemasWeb/Sistemas_Web-/src/chat/Chat.js:134:54)\n    at Chat.persist (file:///C:/Users/skate/source/Proyecto_SistemasWeb/Sistemas_Web-/src/chat/Chat.js:160:51)\n    at Chat.crearChat (file:///C:/Users/skate/source/Proyecto_SistemasWeb/Sistemas_Web-/src/chat/Chat.js:150:26)\n    at nuevoChat (file:///C:/Users/skate/source/Proyecto_SistemasWeb/Sistemas_Web-/src/chat/controllers.js:19:28)\n    at Layer.handle [as handle_request] (C:\\Users\\skate\\source\\Proyecto_SistemasWeb\\Sistemas_Web-\\node_modules\\express\\lib\\router\\layer.js:95:5)\n    at next (C:\\Users\\skate\\source\\Proyecto_SistemasWeb\\Sistemas_Web-\\node_modules\\express\\lib\\router\\route.js:149:13)\n    at Route.dispatch (C:\\Users\\skate\\source\\Proyecto_SistemasWeb\\Sistemas_Web-\\node_modules\\express\\lib\\router\\route.js:119:3)\n    at Layer.handle [as handle_request] (C:\\Users\\skate\\source\\Proyecto_SistemasWeb\\Sistemas_Web-\\node_modules\\express\\lib\\router\\layer.js:95:5)\n    at C:\\Users\\skate\\source\\Proyecto_SistemasWeb\\Sistemas_Web-\\node_modules\\express\\lib\\router\\index.js:284:15\n    at param (C:\\Users\\skate\\source\\Proyecto_SistemasWeb\\Sistemas_Web-\\node_modules\\express\\lib\\router\\index.js:365:14)","code":"SQLITE_CONSTRAINT_FOREIGNKEY"},"msg":"FOREIGN KEY constraint failed"}
{"level":20,"time":1743671038531,"pid":33848,"hostname":"TinkPad-Dani","req":{"id":22,"method":"POST","url":"/usuarios/login","query":{},"params":{},"headers":{"host":"localhost:3000","connection":"keep-alive","content-length":"21","cache-control":"max-age=0","sec-ch-ua":"\"Google Chrome\";v=\"135\", \"Not-A.Brand\";v=\"8\", \"Chromium\";v=\"135\"","sec-ch-ua-mobile":"?0","sec-ch-ua-platform":"\"Windows\"","origin":"http://localhost:3000","content-type":"application/x-www-form-urlencoded","upgrade-insecure-requests":"1","user-agent":"Mozilla/5.0 (Windows NT 10.0; Win64; x64) AppleWebKit/537.36 (KHTML, like Gecko) Chrome/135.0.0.0 Safari/537.36","accept":"text/html,application/xhtml+xml,application/xml;q=0.9,image/avif,image/webp,image/apng,*/*;q=0.8,application/signed-exchange;v=b3;q=0.7","sec-fetch-site":"same-origin","sec-fetch-mode":"navigate","sec-fetch-user":"?1","sec-fetch-dest":"document","referer":"http://localhost:3000/usuarios/login","accept-encoding":"gzip, deflate, br, zstd","accept-language":"es-ES,es;q=0.9","cookie":"connect.sid=s%3AaLWFj67vei-VrIk_yx3LCa9ngNh-UaCI.WnVBvXT7nNR7jtOGY9zwHsZI4Uqzbl8bHGY9%2B%2BrKHmc"},"remoteAddress":"::1","remotePort":49737},"msg":"Usuario logueado: h"}
{"level":50,"time":1743671046412,"pid":33848,"hostname":"TinkPad-Dani","req":{"id":35,"method":"GET","url":"/chats/chat/undefined","query":{},"params":{},"headers":{"host":"localhost:3000","connection":"keep-alive","upgrade-insecure-requests":"1","user-agent":"Mozilla/5.0 (Windows NT 10.0; Win64; x64) AppleWebKit/537.36 (KHTML, like Gecko) Chrome/135.0.0.0 Safari/537.36","accept":"text/html,application/xhtml+xml,application/xml;q=0.9,image/avif,image/webp,image/apng,*/*;q=0.8,application/signed-exchange;v=b3;q=0.7","sec-fetch-site":"same-origin","sec-fetch-mode":"navigate","sec-fetch-user":"?1","sec-fetch-dest":"document","sec-ch-ua":"\"Google Chrome\";v=\"135\", \"Not-A.Brand\";v=\"8\", \"Chromium\";v=\"135\"","sec-ch-ua-mobile":"?0","sec-ch-ua-platform":"\"Windows\"","referer":"http://localhost:3000/productos/producto/1","accept-encoding":"gzip, deflate, br, zstd","accept-language":"es-ES,es;q=0.9","cookie":"connect.sid=s%3AaLWFj67vei-VrIk_yx3LCa9ngNh-UaCI.WnVBvXT7nNR7jtOGY9zwHsZI4Uqzbl8bHGY9%2B%2BrKHmc","if-none-match":"W/\"423-tu+PfGhFsRu8vHwOmWmDk2WoGho\""},"remoteAddress":"::1","remotePort":49742},"err":{"type":"ChatNoEncontrado","message":"Chat no encontrado: undefined","stack":"ChatNoEncontrada: Chat no encontrado: undefined\n    at Chat.getChatById (file:///C:/Users/skate/source/Proyecto_SistemasWeb/Sistemas_Web-/src/chat/Chat.js:112:39)\n    at viewChat (file:///C:/Users/skate/source/Proyecto_SistemasWeb/Sistemas_Web-/src/chat/controllers.js:31:21)\n    at Layer.handle [as handle_request] (C:\\Users\\skate\\source\\Proyecto_SistemasWeb\\Sistemas_Web-\\node_modules\\express\\lib\\router\\layer.js:95:5)\n    at next (C:\\Users\\skate\\source\\Proyecto_SistemasWeb\\Sistemas_Web-\\node_modules\\express\\lib\\router\\route.js:149:13)\n    at Route.dispatch (C:\\Users\\skate\\source\\Proyecto_SistemasWeb\\Sistemas_Web-\\node_modules\\express\\lib\\router\\route.js:119:3)\n    at Layer.handle [as handle_request] (C:\\Users\\skate\\source\\Proyecto_SistemasWeb\\Sistemas_Web-\\node_modules\\express\\lib\\router\\layer.js:95:5)\n    at C:\\Users\\skate\\source\\Proyecto_SistemasWeb\\Sistemas_Web-\\node_modules\\express\\lib\\router\\index.js:284:15\n    at param (C:\\Users\\skate\\source\\Proyecto_SistemasWeb\\Sistemas_Web-\\node_modules\\express\\lib\\router\\index.js:365:14)\n    at param (C:\\Users\\skate\\source\\Proyecto_SistemasWeb\\Sistemas_Web-\\node_modules\\express\\lib\\router\\index.js:376:14)\n    at Function.process_params (C:\\Users\\skate\\source\\Proyecto_SistemasWeb\\Sistemas_Web-\\node_modules\\express\\lib\\router\\index.js:421:3)","name":"ChatNoEncontrada"},"msg":"Chat no encontrado: undefined"}
{"level":20,"time":1743671155672,"pid":33848,"hostname":"TinkPad-Dani","msg":"Chat existente:"}
{"level":20,"time":1743671177764,"pid":33848,"hostname":"TinkPad-Dani","msg":"Chat encontrado:"}
{"level":20,"time":1743671177768,"pid":33848,"hostname":"TinkPad-Dani","msg":"Mensajes encontrados:"}
{"level":20,"time":1743671204567,"pid":33848,"hostname":"TinkPad-Dani","req":{"id":61,"method":"POST","url":"/usuarios/login","query":{},"params":{},"headers":{"host":"localhost:3000","connection":"keep-alive","content-length":"44","cache-control":"max-age=0","sec-ch-ua":"\"Google Chrome\";v=\"135\", \"Not-A.Brand\";v=\"8\", \"Chromium\";v=\"135\"","sec-ch-ua-mobile":"?0","sec-ch-ua-platform":"\"Windows\"","origin":"http://localhost:3000","content-type":"application/x-www-form-urlencoded","upgrade-insecure-requests":"1","user-agent":"Mozilla/5.0 (Windows NT 10.0; Win64; x64) AppleWebKit/537.36 (KHTML, like Gecko) Chrome/135.0.0.0 Safari/537.36","accept":"text/html,application/xhtml+xml,application/xml;q=0.9,image/avif,image/webp,image/apng,*/*;q=0.8,application/signed-exchange;v=b3;q=0.7","sec-fetch-site":"same-origin","sec-fetch-mode":"navigate","sec-fetch-user":"?1","sec-fetch-dest":"document","referer":"http://localhost:3000/usuarios/login","accept-encoding":"gzip, deflate, br, zstd","accept-language":"es-ES,es;q=0.9","cookie":"connect.sid=s%3AaLWFj67vei-VrIk_yx3LCa9ngNh-UaCI.WnVBvXT7nNR7jtOGY9zwHsZI4Uqzbl8bHGY9%2B%2BrKHmc"},"remoteAddress":"::1","remotePort":50576},"msg":"Usuario logueado: user@gmail.com"}
{"level":50,"time":1743671334560,"pid":33848,"hostname":"TinkPad-Dani","req":{"id":74,"method":"GET","url":"/chats/chat/undefined","query":{},"params":{},"headers":{"host":"localhost:3000","connection":"keep-alive","upgrade-insecure-requests":"1","user-agent":"Mozilla/5.0 (Windows NT 10.0; Win64; x64) AppleWebKit/537.36 (KHTML, like Gecko) Chrome/135.0.0.0 Safari/537.36","accept":"text/html,application/xhtml+xml,application/xml;q=0.9,image/avif,image/webp,image/apng,*/*;q=0.8,application/signed-exchange;v=b3;q=0.7","sec-fetch-site":"same-origin","sec-fetch-mode":"navigate","sec-fetch-user":"?1","sec-fetch-dest":"document","sec-ch-ua":"\"Google Chrome\";v=\"135\", \"Not-A.Brand\";v=\"8\", \"Chromium\";v=\"135\"","sec-ch-ua-mobile":"?0","sec-ch-ua-platform":"\"Windows\"","referer":"http://localhost:3000/productos/producto/2","accept-encoding":"gzip, deflate, br, zstd","accept-language":"es-ES,es;q=0.9","cookie":"connect.sid=s%3AaLWFj67vei-VrIk_yx3LCa9ngNh-UaCI.WnVBvXT7nNR7jtOGY9zwHsZI4Uqzbl8bHGY9%2B%2BrKHmc","if-none-match":"W/\"411-hAMk0p6AXiGuIq71gXscl0Q0wC8\""},"remoteAddress":"::1","remotePort":50584},"err":{"type":"ChatNoEncontrado","message":"Chat no encontrado: undefined","stack":"ChatNoEncontrada: Chat no encontrado: undefined\n    at Chat.getChatById (file:///C:/Users/skate/source/Proyecto_SistemasWeb/Sistemas_Web-/src/chat/Chat.js:112:39)\n    at viewChat (file:///C:/Users/skate/source/Proyecto_SistemasWeb/Sistemas_Web-/src/chat/controllers.js:31:21)\n    at Layer.handle [as handle_request] (C:\\Users\\skate\\source\\Proyecto_SistemasWeb\\Sistemas_Web-\\node_modules\\express\\lib\\router\\layer.js:95:5)\n    at next (C:\\Users\\skate\\source\\Proyecto_SistemasWeb\\Sistemas_Web-\\node_modules\\express\\lib\\router\\route.js:149:13)\n    at Route.dispatch (C:\\Users\\skate\\source\\Proyecto_SistemasWeb\\Sistemas_Web-\\node_modules\\express\\lib\\router\\route.js:119:3)\n    at Layer.handle [as handle_request] (C:\\Users\\skate\\source\\Proyecto_SistemasWeb\\Sistemas_Web-\\node_modules\\express\\lib\\router\\layer.js:95:5)\n    at C:\\Users\\skate\\source\\Proyecto_SistemasWeb\\Sistemas_Web-\\node_modules\\express\\lib\\router\\index.js:284:15\n    at param (C:\\Users\\skate\\source\\Proyecto_SistemasWeb\\Sistemas_Web-\\node_modules\\express\\lib\\router\\index.js:365:14)\n    at param (C:\\Users\\skate\\source\\Proyecto_SistemasWeb\\Sistemas_Web-\\node_modules\\express\\lib\\router\\index.js:376:14)\n    at Function.process_params (C:\\Users\\skate\\source\\Proyecto_SistemasWeb\\Sistemas_Web-\\node_modules\\express\\lib\\router\\index.js:421:3)","name":"ChatNoEncontrada"},"msg":"Chat no encontrado: undefined"}
{"level":30,"time":1743671400237,"pid":33848,"hostname":"TinkPad-Dani","msg":"Servidor cerrado"}
{"level":20,"time":1743671424384,"pid":12820,"hostname":"TinkPad-Dani","msg":"Statements de Chat inicializados"}
{"level":30,"time":1743671424388,"pid":12820,"hostname":"TinkPad-Dani","msg":"Server is listening on port 3000"}
{"level":20,"time":1743671453529,"pid":12820,"hostname":"TinkPad-Dani","req":{"id":6,"method":"POST","url":"/usuarios/login","query":{},"params":{},"headers":{"host":"localhost:3000","connection":"keep-alive","content-length":"44","cache-control":"max-age=0","sec-ch-ua":"\"Google Chrome\";v=\"135\", \"Not-A.Brand\";v=\"8\", \"Chromium\";v=\"135\"","sec-ch-ua-mobile":"?0","sec-ch-ua-platform":"\"Windows\"","origin":"http://localhost:3000","content-type":"application/x-www-form-urlencoded","upgrade-insecure-requests":"1","user-agent":"Mozilla/5.0 (Windows NT 10.0; Win64; x64) AppleWebKit/537.36 (KHTML, like Gecko) Chrome/135.0.0.0 Safari/537.36","accept":"text/html,application/xhtml+xml,application/xml;q=0.9,image/avif,image/webp,image/apng,*/*;q=0.8,application/signed-exchange;v=b3;q=0.7","sec-fetch-site":"same-origin","sec-fetch-mode":"navigate","sec-fetch-user":"?1","sec-fetch-dest":"document","referer":"http://localhost:3000/usuarios/login","accept-encoding":"gzip, deflate, br, zstd","accept-language":"es-ES,es;q=0.9","cookie":"connect.sid=s%3Ab0yAzgpfuRlFGqjVuJdqsS6qIBUYqA6h.drkwDy4LYUrGPQ6MIsVm3xb5qaEb%2FQ5qRHvkXcRjvmw"},"remoteAddress":"::1","remotePort":51075},"msg":"Usuario logueado: user@gmail.com"}
{"level":20,"time":1743671469184,"pid":12820,"hostname":"TinkPad-Dani","msg":"Chat encontrado:"}
{"level":20,"time":1743671469185,"pid":12820,"hostname":"TinkPad-Dani","msg":"Mensajes encontrados:"}
{"level":20,"time":1743671479021,"pid":12820,"hostname":"TinkPad-Dani","msg":"Chat encontrado:"}
{"level":20,"time":1743671479023,"pid":12820,"hostname":"TinkPad-Dani","msg":"Mensajes encontrados:"}
{"level":20,"time":1743671487284,"pid":12820,"hostname":"TinkPad-Dani","req":{"id":30,"method":"POST","url":"/usuarios/login","query":{},"params":{},"headers":{"host":"localhost:3000","connection":"keep-alive","content-length":"21","cache-control":"max-age=0","sec-ch-ua":"\"Google Chrome\";v=\"135\", \"Not-A.Brand\";v=\"8\", \"Chromium\";v=\"135\"","sec-ch-ua-mobile":"?0","sec-ch-ua-platform":"\"Windows\"","origin":"http://localhost:3000","content-type":"application/x-www-form-urlencoded","upgrade-insecure-requests":"1","user-agent":"Mozilla/5.0 (Windows NT 10.0; Win64; x64) AppleWebKit/537.36 (KHTML, like Gecko) Chrome/135.0.0.0 Safari/537.36","accept":"text/html,application/xhtml+xml,application/xml;q=0.9,image/avif,image/webp,image/apng,*/*;q=0.8,application/signed-exchange;v=b3;q=0.7","sec-fetch-site":"same-origin","sec-fetch-mode":"navigate","sec-fetch-user":"?1","sec-fetch-dest":"document","referer":"http://localhost:3000/usuarios/login","accept-encoding":"gzip, deflate, br, zstd","accept-language":"es-ES,es;q=0.9","cookie":"connect.sid=s%3Ab0yAzgpfuRlFGqjVuJdqsS6qIBUYqA6h.drkwDy4LYUrGPQ6MIsVm3xb5qaEb%2FQ5qRHvkXcRjvmw"},"remoteAddress":"::1","remotePort":51104},"msg":"Usuario logueado: h"}
{"level":20,"time":1743671490669,"pid":12820,"hostname":"TinkPad-Dani","msg":"Chats encontrados:"}
{"level":20,"time":1743671495534,"pid":12820,"hostname":"TinkPad-Dani","msg":"Chat encontrado:"}
{"level":20,"time":1743671495535,"pid":12820,"hostname":"TinkPad-Dani","msg":"Mensajes encontrados:"}
{"level":20,"time":1743671500376,"pid":12820,"hostname":"TinkPad-Dani","msg":"Chat encontrado:"}
{"level":20,"time":1743671500378,"pid":12820,"hostname":"TinkPad-Dani","msg":"Mensajes encontrados:"}
{"level":20,"time":1743671571507,"pid":12820,"hostname":"TinkPad-Dani","msg":"Chat encontrado:"}
{"level":20,"time":1743671571509,"pid":12820,"hostname":"TinkPad-Dani","msg":"Mensajes encontrados:"}
{"level":20,"time":1743671597627,"pid":12820,"hostname":"TinkPad-Dani","msg":"Chat encontrado:"}
{"level":20,"time":1743671597628,"pid":12820,"hostname":"TinkPad-Dani","msg":"Mensajes encontrados:"}
{"level":20,"time":1743671637742,"pid":12820,"hostname":"TinkPad-Dani","msg":"Chat encontrado:"}
{"level":20,"time":1743671637744,"pid":12820,"hostname":"TinkPad-Dani","msg":"Mensajes encontrados:"}
{"level":30,"time":1743671652837,"pid":12820,"hostname":"TinkPad-Dani","msg":"Servidor cerrado"}
{"level":20,"time":1743672469768,"pid":25056,"hostname":"TinkPad-Dani","msg":"Statements de Chat inicializados"}
{"level":30,"time":1743672469772,"pid":25056,"hostname":"TinkPad-Dani","msg":"Server is listening on port 3000"}
{"level":30,"time":1743672649722,"pid":25056,"hostname":"TinkPad-Dani","msg":"Servidor cerrado"}
{"level":20,"time":1743672653357,"pid":36576,"hostname":"TinkPad-Dani","msg":"Statements de Chat inicializados"}
{"level":30,"time":1743672653361,"pid":36576,"hostname":"TinkPad-Dani","msg":"Server is listening on port 3000"}
{"level":20,"time":1743672672722,"pid":36576,"hostname":"TinkPad-Dani","req":{"id":9,"method":"POST","url":"/usuarios/login","query":{},"params":{},"headers":{"host":"localhost:3000","connection":"keep-alive","content-length":"44","cache-control":"max-age=0","sec-ch-ua":"\"Google Chrome\";v=\"135\", \"Not-A.Brand\";v=\"8\", \"Chromium\";v=\"135\"","sec-ch-ua-mobile":"?0","sec-ch-ua-platform":"\"Windows\"","origin":"http://localhost:3000","content-type":"application/x-www-form-urlencoded","upgrade-insecure-requests":"1","user-agent":"Mozilla/5.0 (Windows NT 10.0; Win64; x64) AppleWebKit/537.36 (KHTML, like Gecko) Chrome/135.0.0.0 Safari/537.36","accept":"text/html,application/xhtml+xml,application/xml;q=0.9,image/avif,image/webp,image/apng,*/*;q=0.8,application/signed-exchange;v=b3;q=0.7","sec-fetch-site":"same-origin","sec-fetch-mode":"navigate","sec-fetch-user":"?1","sec-fetch-dest":"document","referer":"http://localhost:3000/usuarios/login","accept-encoding":"gzip, deflate, br, zstd","accept-language":"es-ES,es;q=0.9","cookie":"connect.sid=s%3AjTU-X8F-6VxLQx0oErb7077ceSTy4EtP.ZWz0tYoCVbKz7hAHuaH%2BM7v8jxouhaQv32y7IFLbAbs"},"remoteAddress":"::1","remotePort":55444},"msg":"Usuario logueado: user@gmail.com"}
{"level":20,"time":1743672822410,"pid":36576,"hostname":"TinkPad-Dani","msg":"Chats encontrados:"}
{"level":20,"time":1743672826546,"pid":36576,"hostname":"TinkPad-Dani","msg":"Chat encontrado:"}
{"level":20,"time":1743672826550,"pid":36576,"hostname":"TinkPad-Dani","msg":"Mensajes encontrados:"}
{"level":30,"time":1743672836405,"pid":36576,"hostname":"TinkPad-Dani","msg":"Servidor cerrado"}
{"level":20,"time":1743673425451,"pid":1880,"hostname":"TinkPad-Dani","msg":"Statements de Chat inicializados"}
{"level":30,"time":1743673425454,"pid":1880,"hostname":"TinkPad-Dani","msg":"Server is listening on port 3000"}
{"level":20,"time":1743673461995,"pid":1880,"hostname":"TinkPad-Dani","req":{"id":6,"method":"POST","url":"/usuarios/login","query":{},"params":{},"headers":{"host":"localhost:3000","connection":"keep-alive","content-length":"44","cache-control":"max-age=0","sec-ch-ua":"\"Google Chrome\";v=\"135\", \"Not-A.Brand\";v=\"8\", \"Chromium\";v=\"135\"","sec-ch-ua-mobile":"?0","sec-ch-ua-platform":"\"Windows\"","origin":"http://localhost:3000","content-type":"application/x-www-form-urlencoded","upgrade-insecure-requests":"1","user-agent":"Mozilla/5.0 (Windows NT 10.0; Win64; x64) AppleWebKit/537.36 (KHTML, like Gecko) Chrome/135.0.0.0 Safari/537.36","accept":"text/html,application/xhtml+xml,application/xml;q=0.9,image/avif,image/webp,image/apng,*/*;q=0.8,application/signed-exchange;v=b3;q=0.7","sec-fetch-site":"same-origin","sec-fetch-mode":"navigate","sec-fetch-user":"?1","sec-fetch-dest":"document","referer":"http://localhost:3000/usuarios/login","accept-encoding":"gzip, deflate, br, zstd","accept-language":"es-ES,es;q=0.9","cookie":"connect.sid=s%3AHrCJnmbMDRIQ-O3hNOeW3kinnsMV-fkf.Yr3MGjgjVSarpAsi%2FnUeuVEYL5ZRYpH4qWk5Yt9bbNQ"},"remoteAddress":"::1","remotePort":55618},"msg":"Usuario logueado: user@gmail.com"}
{"level":20,"time":1743673508469,"pid":1880,"hostname":"TinkPad-Dani","msg":"Chats encontrados:"}
{"level":30,"time":1743673563218,"pid":1880,"hostname":"TinkPad-Dani","msg":"Servidor cerrado"}
{"level":20,"time":1743673564855,"pid":24208,"hostname":"TinkPad-Dani","msg":"Statements de Chat inicializados"}
{"level":30,"time":1743673564859,"pid":24208,"hostname":"TinkPad-Dani","msg":"Server is listening on port 3000"}
{"level":40,"time":1743673575868,"pid":24208,"hostname":"TinkPad-Dani","req":{"id":5,"method":"POST","url":"/usuarios/login","query":{},"params":{},"headers":{"host":"localhost:3000","connection":"keep-alive","content-length":"32","cache-control":"max-age=0","sec-ch-ua":"\"Google Chrome\";v=\"135\", \"Not-A.Brand\";v=\"8\", \"Chromium\";v=\"135\"","sec-ch-ua-mobile":"?0","sec-ch-ua-platform":"\"Windows\"","origin":"http://localhost:3000","content-type":"application/x-www-form-urlencoded","upgrade-insecure-requests":"1","user-agent":"Mozilla/5.0 (Windows NT 10.0; Win64; x64) AppleWebKit/537.36 (KHTML, like Gecko) Chrome/135.0.0.0 Safari/537.36","accept":"text/html,application/xhtml+xml,application/xml;q=0.9,image/avif,image/webp,image/apng,*/*;q=0.8,application/signed-exchange;v=b3;q=0.7","sec-fetch-site":"same-origin","sec-fetch-mode":"navigate","sec-fetch-user":"?1","sec-fetch-dest":"document","referer":"http://localhost:3000/usuarios/login","accept-encoding":"gzip, deflate, br, zstd","accept-language":"es-ES,es;q=0.9","cookie":"connect.sid=s%3AN8VPo32tiZMTgyvXS5wWg8dpApBJCAsA.WPqN7UcK3E1hEeZH9qeFi2WoYn0CKlilntwg9pRKdLM"},"remoteAddress":"::1","remotePort":55828},"msg":"Problemas al hacer login del usuario 'user'"}
{"level":20,"time":1743673575868,"pid":24208,"hostname":"TinkPad-Dani","req":{"id":5,"method":"POST","url":"/usuarios/login","query":{},"params":{},"headers":{"host":"localhost:3000","connection":"keep-alive","content-length":"32","cache-control":"max-age=0","sec-ch-ua":"\"Google Chrome\";v=\"135\", \"Not-A.Brand\";v=\"8\", \"Chromium\";v=\"135\"","sec-ch-ua-mobile":"?0","sec-ch-ua-platform":"\"Windows\"","origin":"http://localhost:3000","content-type":"application/x-www-form-urlencoded","upgrade-insecure-requests":"1","user-agent":"Mozilla/5.0 (Windows NT 10.0; Win64; x64) AppleWebKit/537.36 (KHTML, like Gecko) Chrome/135.0.0.0 Safari/537.36","accept":"text/html,application/xhtml+xml,application/xml;q=0.9,image/avif,image/webp,image/apng,*/*;q=0.8,application/signed-exchange;v=b3;q=0.7","sec-fetch-site":"same-origin","sec-fetch-mode":"navigate","sec-fetch-user":"?1","sec-fetch-dest":"document","referer":"http://localhost:3000/usuarios/login","accept-encoding":"gzip, deflate, br, zstd","accept-language":"es-ES,es;q=0.9","cookie":"connect.sid=s%3AN8VPo32tiZMTgyvXS5wWg8dpApBJCAsA.WPqN7UcK3E1hEeZH9qeFi2WoYn0CKlilntwg9pRKdLM"},"remoteAddress":"::1","remotePort":55828},"msg":"El usuario user, no ha podido logarse: Usuario o password no válido: user"}
{"level":20,"time":1743673582118,"pid":24208,"hostname":"TinkPad-Dani","req":{"id":7,"method":"POST","url":"/usuarios/login","query":{},"params":{},"headers":{"host":"localhost:3000","connection":"keep-alive","content-length":"44","cache-control":"max-age=0","sec-ch-ua":"\"Google Chrome\";v=\"135\", \"Not-A.Brand\";v=\"8\", \"Chromium\";v=\"135\"","sec-ch-ua-mobile":"?0","sec-ch-ua-platform":"\"Windows\"","origin":"http://localhost:3000","content-type":"application/x-www-form-urlencoded","upgrade-insecure-requests":"1","user-agent":"Mozilla/5.0 (Windows NT 10.0; Win64; x64) AppleWebKit/537.36 (KHTML, like Gecko) Chrome/135.0.0.0 Safari/537.36","accept":"text/html,application/xhtml+xml,application/xml;q=0.9,image/avif,image/webp,image/apng,*/*;q=0.8,application/signed-exchange;v=b3;q=0.7","sec-fetch-site":"same-origin","sec-fetch-mode":"navigate","sec-fetch-user":"?1","sec-fetch-dest":"document","referer":"http://localhost:3000/usuarios/login","accept-encoding":"gzip, deflate, br, zstd","accept-language":"es-ES,es;q=0.9","cookie":"connect.sid=s%3AN8VPo32tiZMTgyvXS5wWg8dpApBJCAsA.WPqN7UcK3E1hEeZH9qeFi2WoYn0CKlilntwg9pRKdLM"},"remoteAddress":"::1","remotePort":55847},"msg":"Usuario logueado: user@gmail.com"}
{"level":20,"time":1743673628613,"pid":24208,"hostname":"TinkPad-Dani","msg":"Chats encontrados:"}
{"level":30,"time":1743673799422,"pid":24208,"hostname":"TinkPad-Dani","msg":"Servidor cerrado"}
{"level":20,"time":1743673801219,"pid":18636,"hostname":"TinkPad-Dani","msg":"Statements de Chat inicializados"}
{"level":30,"time":1743673801222,"pid":18636,"hostname":"TinkPad-Dani","msg":"Server is listening on port 3000"}
{"level":20,"time":1743673814342,"pid":18636,"hostname":"TinkPad-Dani","req":{"id":5,"method":"POST","url":"/usuarios/login","query":{},"params":{},"headers":{"host":"localhost:3000","connection":"keep-alive","content-length":"44","cache-control":"max-age=0","sec-ch-ua":"\"Google Chrome\";v=\"135\", \"Not-A.Brand\";v=\"8\", \"Chromium\";v=\"135\"","sec-ch-ua-mobile":"?0","sec-ch-ua-platform":"\"Windows\"","origin":"http://localhost:3000","content-type":"application/x-www-form-urlencoded","upgrade-insecure-requests":"1","user-agent":"Mozilla/5.0 (Windows NT 10.0; Win64; x64) AppleWebKit/537.36 (KHTML, like Gecko) Chrome/135.0.0.0 Safari/537.36","accept":"text/html,application/xhtml+xml,application/xml;q=0.9,image/avif,image/webp,image/apng,*/*;q=0.8,application/signed-exchange;v=b3;q=0.7","sec-fetch-site":"same-origin","sec-fetch-mode":"navigate","sec-fetch-user":"?1","sec-fetch-dest":"document","referer":"http://localhost:3000/usuarios/login","accept-encoding":"gzip, deflate, br, zstd","accept-language":"es-ES,es;q=0.9","cookie":"connect.sid=s%3AUvQ1cYLlvag6BdJ2NgdkXV3Yy3Im_VXN.BMr8tgbaPT3tl%2Fje0EXkxtsv3va7o36oFN1wYYHZwvI"},"remoteAddress":"::1","remotePort":56262},"msg":"Usuario logueado: user@gmail.com"}
{"level":20,"time":1743673821214,"pid":18636,"hostname":"TinkPad-Dani","msg":"Chats encontrados:"}
{"level":30,"time":1743674100671,"pid":18636,"hostname":"TinkPad-Dani","msg":"Servidor cerrado"}
{"level":20,"time":1743674103799,"pid":34428,"hostname":"TinkPad-Dani","msg":"Statements de Chat inicializados"}
{"level":30,"time":1743674103802,"pid":34428,"hostname":"TinkPad-Dani","msg":"Server is listening on port 3000"}
{"level":20,"time":1743674117621,"pid":34428,"hostname":"TinkPad-Dani","req":{"id":5,"method":"POST","url":"/usuarios/login","query":{},"params":{},"headers":{"host":"localhost:3000","connection":"keep-alive","content-length":"21","cache-control":"max-age=0","sec-ch-ua":"\"Google Chrome\";v=\"135\", \"Not-A.Brand\";v=\"8\", \"Chromium\";v=\"135\"","sec-ch-ua-mobile":"?0","sec-ch-ua-platform":"\"Windows\"","origin":"http://localhost:3000","content-type":"application/x-www-form-urlencoded","upgrade-insecure-requests":"1","user-agent":"Mozilla/5.0 (Windows NT 10.0; Win64; x64) AppleWebKit/537.36 (KHTML, like Gecko) Chrome/135.0.0.0 Safari/537.36","accept":"text/html,application/xhtml+xml,application/xml;q=0.9,image/avif,image/webp,image/apng,*/*;q=0.8,application/signed-exchange;v=b3;q=0.7","sec-fetch-site":"same-origin","sec-fetch-mode":"navigate","sec-fetch-user":"?1","sec-fetch-dest":"document","referer":"http://localhost:3000/usuarios/login","accept-encoding":"gzip, deflate, br, zstd","accept-language":"es-ES,es;q=0.9","cookie":"connect.sid=s%3AfU29kDRsmz31Ci23JooLTbaOtmMN0A-i.mZMOJOem7P5e5ggkLu4%2B7zvfi3w8HT13m38CGAQe3kA"},"remoteAddress":"::1","remotePort":56595},"msg":"Usuario logueado: h"}
{"level":20,"time":1743674120991,"pid":34428,"hostname":"TinkPad-Dani","msg":"Chats encontrados:"}
{"level":30,"time":1743674463956,"pid":34428,"hostname":"TinkPad-Dani","msg":"Servidor cerrado"}
{"level":20,"time":1743674465787,"pid":6792,"hostname":"TinkPad-Dani","msg":"Statements de Chat inicializados"}
{"level":30,"time":1743674465791,"pid":6792,"hostname":"TinkPad-Dani","msg":"Server is listening on port 3000"}
{"level":20,"time":1743674475862,"pid":6792,"hostname":"TinkPad-Dani","msg":"Chats encontrados:"}
{"level":30,"time":1743674518449,"pid":6792,"hostname":"TinkPad-Dani","msg":"Servidor cerrado"}
{"level":20,"time":1743674526912,"pid":25992,"hostname":"TinkPad-Dani","msg":"Statements de Chat inicializados"}
{"level":30,"time":1743674526916,"pid":25992,"hostname":"TinkPad-Dani","msg":"Server is listening on port 3000"}
{"level":20,"time":1743674532152,"pid":25992,"hostname":"TinkPad-Dani","req":{"id":7,"method":"POST","url":"/usuarios/login","query":{},"params":{},"headers":{"host":"localhost:3000","connection":"keep-alive","content-length":"21","cache-control":"max-age=0","sec-ch-ua":"\"Google Chrome\";v=\"135\", \"Not-A.Brand\";v=\"8\", \"Chromium\";v=\"135\"","sec-ch-ua-mobile":"?0","sec-ch-ua-platform":"\"Windows\"","origin":"http://localhost:3000","content-type":"application/x-www-form-urlencoded","upgrade-insecure-requests":"1","user-agent":"Mozilla/5.0 (Windows NT 10.0; Win64; x64) AppleWebKit/537.36 (KHTML, like Gecko) Chrome/135.0.0.0 Safari/537.36","accept":"text/html,application/xhtml+xml,application/xml;q=0.9,image/avif,image/webp,image/apng,*/*;q=0.8,application/signed-exchange;v=b3;q=0.7","sec-fetch-site":"same-origin","sec-fetch-mode":"navigate","sec-fetch-user":"?1","sec-fetch-dest":"document","referer":"http://localhost:3000/usuarios/login","accept-encoding":"gzip, deflate, br, zstd","accept-language":"es-ES,es;q=0.9","cookie":"connect.sid=s%3ATaqVRHUVLFUmI06Hd1DdTD-BaGH2LNEt.Zx7G0u91ParAiZrgNULDZgrWlpxV9Vg9b7Q5tEbBSWs"},"remoteAddress":"::ffff:127.0.0.1","remotePort":57162},"msg":"Usuario logueado: h"}
{"level":20,"time":1743674535021,"pid":25992,"hostname":"TinkPad-Dani","msg":"Chats encontrados:"}
{"level":20,"time":1743674577839,"pid":25992,"hostname":"TinkPad-Dani","msg":"Chats encontrados:"}
{"level":20,"time":1743674816262,"pid":25992,"hostname":"TinkPad-Dani","msg":"Chats encontrados:"}
{"level":20,"time":1743674830003,"pid":25992,"hostname":"TinkPad-Dani","msg":"Chats encontrados:"}
{"level":20,"time":1743674850870,"pid":25992,"hostname":"TinkPad-Dani","msg":"Chats encontrados:"}
{"level":20,"time":1743674861435,"pid":25992,"hostname":"TinkPad-Dani","msg":"Chat encontrado:"}
{"level":20,"time":1743674861438,"pid":25992,"hostname":"TinkPad-Dani","msg":"Mensajes encontrados:"}
{"level":20,"time":1743674864651,"pid":25992,"hostname":"TinkPad-Dani","msg":"Chat encontrado:"}
{"level":20,"time":1743674864653,"pid":25992,"hostname":"TinkPad-Dani","msg":"Mensajes encontrados:"}
{"level":30,"time":1743674903299,"pid":25992,"hostname":"TinkPad-Dani","msg":"Servidor cerrado"}
{"level":20,"time":1743678747601,"pid":38116,"hostname":"TinkPad-Dani","msg":"Statements de Chat inicializados"}
{"level":30,"time":1743678747605,"pid":38116,"hostname":"TinkPad-Dani","msg":"Server is listening on port 3000"}
{"level":30,"time":1743678867130,"pid":38116,"hostname":"TinkPad-Dani","msg":"Servidor cerrado"}
{"level":20,"time":1743694389531,"pid":15080,"hostname":"TinkPad-Dani","msg":"Statements de Chat inicializados"}
{"level":30,"time":1743694389534,"pid":15080,"hostname":"TinkPad-Dani","msg":"Server is listening on port 3000"}
{"level":20,"time":1743694431174,"pid":15080,"hostname":"TinkPad-Dani","req":{"id":14,"method":"POST","url":"/usuarios/login","query":{},"params":{},"headers":{"host":"localhost:3000","connection":"keep-alive","content-length":"21","cache-control":"max-age=0","sec-ch-ua":"\"Google Chrome\";v=\"135\", \"Not-A.Brand\";v=\"8\", \"Chromium\";v=\"135\"","sec-ch-ua-mobile":"?0","sec-ch-ua-platform":"\"Windows\"","origin":"http://localhost:3000","content-type":"application/x-www-form-urlencoded","upgrade-insecure-requests":"1","user-agent":"Mozilla/5.0 (Windows NT 10.0; Win64; x64) AppleWebKit/537.36 (KHTML, like Gecko) Chrome/135.0.0.0 Safari/537.36","accept":"text/html,application/xhtml+xml,application/xml;q=0.9,image/avif,image/webp,image/apng,*/*;q=0.8,application/signed-exchange;v=b3;q=0.7","sec-fetch-site":"same-origin","sec-fetch-mode":"navigate","sec-fetch-user":"?1","sec-fetch-dest":"document","referer":"http://localhost:3000/usuarios/login","accept-encoding":"gzip, deflate, br, zstd","accept-language":"es-ES,es;q=0.9","cookie":"connect.sid=s%3Au8oSf_zt_oxmY-O6vhrUUU_8D8MU60ST.Qw5Q1pF06K0XldlR%2BPQbKARvYRkXPo06TKK40iAVqmE"},"remoteAddress":"::1","remotePort":64413},"msg":"Usuario logueado: h"}
{"level":20,"time":1743694438998,"pid":15080,"hostname":"TinkPad-Dani","msg":"Chats encontrados:"}
{"level":20,"time":1743694447797,"pid":15080,"hostname":"TinkPad-Dani","msg":"Chat encontrado:"}
{"level":20,"time":1743694447803,"pid":15080,"hostname":"TinkPad-Dani","msg":"Mensajes encontrados:"}
{"level":20,"time":1743694456974,"pid":15080,"hostname":"TinkPad-Dani","msg":"Chat encontrado:"}
{"level":20,"time":1743694456976,"pid":15080,"hostname":"TinkPad-Dani","msg":"Mensajes encontrados:"}
{"level":30,"time":1743694466250,"pid":15080,"hostname":"TinkPad-Dani","msg":"Servidor cerrado"}
